C:\USERS\JUSTIN\DOCUMENTS\ECE 5770 - MICROCOMPUTER INTERFACING\PLED\SERIAL_MINE\SERIALTOPC\SERIALTOPC\DEBUG\MAIN.OBJ
C:\USERS\JUSTIN\DOCUMENTS\ECE 5770 - MICROCOMPUTER INTERFACING\PLED\SERIAL_MINE\SERIALTOPC\SERIALTOPC\DEBUG\SERIAL.OBJ
C:\USERS\JUSTIN\DOCUMENTS\ECE 5770 - MICROCOMPUTER INTERFACING\PLED\SERIAL_MINE\SERIALTOPC\SERIALTOPC\DEBUG\VC110.PDB
C:\USERS\JUSTIN\DOCUMENTS\ECE 5770 - MICROCOMPUTER INTERFACING\PLED\SERIAL_MINE\SERIALTOPC\DEBUG\SERIALTOPC.ILK
C:\USERS\JUSTIN\DOCUMENTS\ECE 5770 - MICROCOMPUTER INTERFACING\PLED\SERIAL_MINE\SERIALTOPC\DEBUG\SERIALTOPC.EXE
C:\USERS\JUSTIN\DOCUMENTS\ECE 5770 - MICROCOMPUTER INTERFACING\PLED\SERIAL_MINE\SERIALTOPC\DEBUG\SERIALTOPC.PDB
C:\Users\Justin\Documents\ECE 5770 - Microcomputer Interfacing\PLED\Serial_PCtoMicro\SerialToPC\Debug\main.obj
C:\Users\Justin\Documents\ECE 5770 - Microcomputer Interfacing\PLED\Serial_PCtoMicro\SerialToPC\Debug\Serial.obj
C:\Users\Justin\Documents\ECE 5770 - Microcomputer Interfacing\PLED\Serial_PCtoMicro\SerialToPC\Debug\SerialToPC.ilk
C:\Users\Justin\Documents\ECE 5770 - Microcomputer Interfacing\PLED\Serial_PCtoMicro\SerialToPC\Debug\cl.command.1.tlog
C:\Users\Justin\Documents\ECE 5770 - Microcomputer Interfacing\PLED\Serial_PCtoMicro\SerialToPC\Debug\CL.read.1.tlog
C:\Users\Justin\Documents\ECE 5770 - Microcomputer Interfacing\PLED\Serial_PCtoMicro\SerialToPC\Debug\CL.write.1.tlog
C:\Users\Justin\Documents\ECE 5770 - Microcomputer Interfacing\PLED\Serial_PCtoMicro\SerialToPC\Debug\link-cvtres.read.1.tlog
C:\Users\Justin\Documents\ECE 5770 - Microcomputer Interfacing\PLED\Serial_PCtoMicro\SerialToPC\Debug\link-cvtres.write.1.tlog
C:\Users\Justin\Documents\ECE 5770 - Microcomputer Interfacing\PLED\Serial_PCtoMicro\SerialToPC\Debug\link-rc.read.1.tlog
C:\Users\Justin\Documents\ECE 5770 - Microcomputer Interfacing\PLED\Serial_PCtoMicro\SerialToPC\Debug\link-rc.write.1.tlog
C:\Users\Justin\Documents\ECE 5770 - Microcomputer Interfacing\PLED\Serial_PCtoMicro\SerialToPC\Debug\link.command.1.tlog
C:\Users\Justin\Documents\ECE 5770 - Microcomputer Interfacing\PLED\Serial_PCtoMicro\SerialToPC\Debug\link.read.1.tlog
C:\Users\Justin\Documents\ECE 5770 - Microcomputer Interfacing\PLED\Serial_PCtoMicro\SerialToPC\Debug\link.write.1.tlog
C:\Users\Justin\Documents\ECE 5770 - Microcomputer Interfacing\PLED\Serial_PCtoMicro\SerialToPC\Debug\vc110.idb
C:\Users\Justin\Documents\ECE 5770 - Microcomputer Interfacing\PLED\Serial_PCtoMicro\SerialToPC\Debug\vc120.idb
C:\Users\Justin\Documents\ECE 5770 - Microcomputer Interfacing\PLED\Serial_PCtoMicro\SerialToPC\Debug\SerialToPC.pdb
C:\Users\Justin\Documents\ECE 5770 - Microcomputer Interfacing\PLED\Serial_PCtoMicro\SerialToPC\Debug\vc110.pdb
C:\Users\Justin\Documents\ECE 5770 - Microcomputer Interfacing\PLED\Serial_PCtoMicro\SerialToPC\Debug\vc120.pdb
C:\Users\Justin\Documents\ECE 5770 - Microcomputer Interfacing\PLED\Serial_PCtoMicro\SerialToPC\Debug\SerialToPC.exe
