Build started 4/1/2016 1:30:54 PM.
     1>Project "C:\Users\Bre\Documents\PLED\PLED\Serial_PCtoMicro\SerialToPC\SerialToPC.vcxproj" on node 2 (Build target(s)).
     1>ClCompile:
         C:\Program Files (x86)\Microsoft Visual Studio 12.0\VC\bin\CL.exe /c /ZI /nologo /W3 /WX- /Od /Oy- /D WIN32 /D _DEBUG /D _CONSOLE /D _MBCS /Gm /EHsc /RTC1 /MDd /GS /fp:precise /Zc:wchar_t /Zc:forScope /Fo"Debug\\" /Fd"Debug\vc120.pdb" /Gd /TP /analyze- /errorReport:prompt main.cpp
         main.cpp
     1>c:\users\bre\documents\pled\pled\serial_pctomicro\serialtopc\main.cpp(84): warning C4996: 'fopen': This function or variable may be unsafe. Consider using fopen_s instead. To disable deprecation, use _CRT_SECURE_NO_WARNINGS. See online help for details.
                 c:\program files (x86)\microsoft visual studio 12.0\vc\include\stdio.h(211) : see declaration of 'fopen'
     1>c:\users\bre\documents\pled\pled\serial_pctomicro\serialtopc\main.cpp(92): warning C4996: 'fscanf': This function or variable may be unsafe. Consider using fscanf_s instead. To disable deprecation, use _CRT_SECURE_NO_WARNINGS. See online help for details.
                 c:\program files (x86)\microsoft visual studio 12.0\vc\include\stdio.h(230) : see declaration of 'fscanf'
     1>c:\users\bre\documents\pled\pled\serial_pctomicro\serialtopc\main.cpp(103): warning C4996: 'fscanf': This function or variable may be unsafe. Consider using fscanf_s instead. To disable deprecation, use _CRT_SECURE_NO_WARNINGS. See online help for details.
                 c:\program files (x86)\microsoft visual studio 12.0\vc\include\stdio.h(230) : see declaration of 'fscanf'
     1>c:\users\bre\documents\pled\pled\serial_pctomicro\serialtopc\main.cpp(106): warning C4996: 'fscanf': This function or variable may be unsafe. Consider using fscanf_s instead. To disable deprecation, use _CRT_SECURE_NO_WARNINGS. See online help for details.
                 c:\program files (x86)\microsoft visual studio 12.0\vc\include\stdio.h(230) : see declaration of 'fscanf'
     1>c:\users\bre\documents\pled\pled\serial_pctomicro\serialtopc\main.cpp(205): warning C4996: 'fscanf': This function or variable may be unsafe. Consider using fscanf_s instead. To disable deprecation, use _CRT_SECURE_NO_WARNINGS. See online help for details.
                 c:\program files (x86)\microsoft visual studio 12.0\vc\include\stdio.h(230) : see declaration of 'fscanf'
     1>c:\users\bre\documents\pled\pled\serial_pctomicro\serialtopc\main.cpp(211): warning C4996: 'fscanf': This function or variable may be unsafe. Consider using fscanf_s instead. To disable deprecation, use _CRT_SECURE_NO_WARNINGS. See online help for details.
                 c:\program files (x86)\microsoft visual studio 12.0\vc\include\stdio.h(230) : see declaration of 'fscanf'
       Link:
         C:\Program Files (x86)\Microsoft Visual Studio 12.0\VC\bin\link.exe /ERRORREPORT:PROMPT /OUT:"C:\Users\Bre\Documents\PLED\PLED\Serial_PCtoMicro\SerialToPC\Debug\SerialToPC.exe" /INCREMENTAL /NOLOGO kernel32.lib user32.lib gdi32.lib winspool.lib comdlg32.lib advapi32.lib shell32.lib ole32.lib oleaut32.lib uuid.lib odbc32.lib odbccp32.lib /MANIFEST /MANIFESTUAC:"level='asInvoker' uiAccess='false'" /manifest:embed /DEBUG /PDB:"C:\Users\Bre\Documents\PLED\PLED\Serial_PCtoMicro\SerialToPC\Debug\SerialToPC.pdb" /SUBSYSTEM:CONSOLE /TLBID:1 /DYNAMICBASE /NXCOMPAT /IMPLIB:"C:\Users\Bre\Documents\PLED\PLED\Serial_PCtoMicro\SerialToPC\Debug\SerialToPC.lib" /MACHINE:X86 Debug\main.obj
         Debug\Serial.obj
         SerialToPC.vcxproj -> C:\Users\Bre\Documents\PLED\PLED\Serial_PCtoMicro\SerialToPC\Debug\SerialToPC.exe
     1>Done Building Project "C:\Users\Bre\Documents\PLED\PLED\Serial_PCtoMicro\SerialToPC\SerialToPC.vcxproj" (Build target(s)).

Build succeeded.

Time Elapsed 00:00:00.97
