Build started 3/12/2016 8:46:35 PM.
     1>Project "C:\Users\Justin\Documents\ECE 5770 - Microcomputer Interfacing\PLED\Serial_Mine\SerialToPC\SerialToPC\SerialToPC.vcxproj" on node 2 (Build target(s)).
     1>ClCompile:
         C:\Program Files (x86)\Microsoft Visual Studio 11.0\VC\bin\CL.exe /c /ZI /nologo /W3 /WX- /Od /Oy- /D WIN32 /D _DEBUG /D _CONSOLE /D _MBCS /Gm /EHsc /RTC1 /MDd /GS /fp:precise /Zc:wchar_t /Zc:forScope /Fo"Debug\\" /Fd"Debug\vc110.pdb" /Gd /TP /analyze- /errorReport:prompt main.cpp
         main.cpp
     1>c:\users\justin\documents\ece 5770 - microcomputer interfacing\pled\serial_mine\serialtopc\serialtopc\main.cpp(81): warning C4996: 'fopen': This function or variable may be unsafe. Consider using fopen_s instead. To disable deprecation, use _CRT_SECURE_NO_WARNINGS. See online help for details.
                 c:\program files (x86)\microsoft visual studio 11.0\vc\include\stdio.h(218) : see declaration of 'fopen'
     1>c:\users\justin\documents\ece 5770 - microcomputer interfacing\pled\serial_mine\serialtopc\serialtopc\main.cpp(89): warning C4996: 'fscanf': This function or variable may be unsafe. Consider using fscanf_s instead. To disable deprecation, use _CRT_SECURE_NO_WARNINGS. See online help for details.
                 c:\program files (x86)\microsoft visual studio 11.0\vc\include\stdio.h(237) : see declaration of 'fscanf'
     1>c:\users\justin\documents\ece 5770 - microcomputer interfacing\pled\serial_mine\serialtopc\serialtopc\main.cpp(100): warning C4996: 'fscanf': This function or variable may be unsafe. Consider using fscanf_s instead. To disable deprecation, use _CRT_SECURE_NO_WARNINGS. See online help for details.
                 c:\program files (x86)\microsoft visual studio 11.0\vc\include\stdio.h(237) : see declaration of 'fscanf'
     1>c:\users\justin\documents\ece 5770 - microcomputer interfacing\pled\serial_mine\serialtopc\serialtopc\main.cpp(103): warning C4996: 'fscanf': This function or variable may be unsafe. Consider using fscanf_s instead. To disable deprecation, use _CRT_SECURE_NO_WARNINGS. See online help for details.
                 c:\program files (x86)\microsoft visual studio 11.0\vc\include\stdio.h(237) : see declaration of 'fscanf'
     1>c:\users\justin\documents\ece 5770 - microcomputer interfacing\pled\serial_mine\serialtopc\serialtopc\main.cpp(185): warning C4996: 'fscanf': This function or variable may be unsafe. Consider using fscanf_s instead. To disable deprecation, use _CRT_SECURE_NO_WARNINGS. See online help for details.
                 c:\program files (x86)\microsoft visual studio 11.0\vc\include\stdio.h(237) : see declaration of 'fscanf'
     1>c:\users\justin\documents\ece 5770 - microcomputer interfacing\pled\serial_mine\serialtopc\serialtopc\main.cpp(191): warning C4996: 'fscanf': This function or variable may be unsafe. Consider using fscanf_s instead. To disable deprecation, use _CRT_SECURE_NO_WARNINGS. See online help for details.
                 c:\program files (x86)\microsoft visual studio 11.0\vc\include\stdio.h(237) : see declaration of 'fscanf'
       Link:
         C:\Program Files (x86)\Microsoft Visual Studio 11.0\VC\bin\link.exe /ERRORREPORT:PROMPT /OUT:"C:\Users\Justin\Documents\ECE 5770 - Microcomputer Interfacing\PLED\Serial_Mine\SerialToPC\Debug\SerialToPC.exe" /INCREMENTAL /NOLOGO kernel32.lib user32.lib gdi32.lib winspool.lib comdlg32.lib advapi32.lib shell32.lib ole32.lib oleaut32.lib uuid.lib odbc32.lib odbccp32.lib /MANIFEST /MANIFESTUAC:"level='asInvoker' uiAccess='false'" /manifest:embed /DEBUG /PDB:"C:\Users\Justin\Documents\ECE 5770 - Microcomputer Interfacing\PLED\Serial_Mine\SerialToPC\Debug\SerialToPC.pdb" /SUBSYSTEM:CONSOLE /TLBID:1 /DYNAMICBASE /NXCOMPAT /IMPLIB:"C:\Users\Justin\Documents\ECE 5770 - Microcomputer Interfacing\PLED\Serial_Mine\SerialToPC\Debug\SerialToPC.lib" /MACHINE:X86 Debug\main.obj
         Debug\Serial.obj
         SerialToPC.vcxproj -> C:\Users\Justin\Documents\ECE 5770 - Microcomputer Interfacing\PLED\Serial_Mine\SerialToPC\Debug\SerialToPC.exe
     1>Done Building Project "C:\Users\Justin\Documents\ECE 5770 - Microcomputer Interfacing\PLED\Serial_Mine\SerialToPC\SerialToPC\SerialToPC.vcxproj" (Build target(s)).

Build succeeded.

Time Elapsed 00:00:00.96
