


ARM Macro Assembler    Page 1 


    1 00000000         ; <<< Use Configuration Wizard in Context Menu >>>
    2 00000000         ;*******************************************************
                       ***********************
    3 00000000         ;
    4 00000000         ; startup_rvmdk.S - Startup code for use with Keil's uVi
                       sion.
    5 00000000         ;
    6 00000000         ; Copyright (c) 2012-2015 Texas Instruments Incorporated
                       .  All rights reserved.
    7 00000000         ; Software License Agreement
    8 00000000         ; 
    9 00000000         ; Texas Instruments (TI) is supplying this software for 
                       use solely and
   10 00000000         ; exclusively on TI's microcontroller products. The soft
                       ware is owned by
   11 00000000         ; TI and/or its suppliers, and is protected under applic
                       able copyright
   12 00000000         ; laws. You may not combine this software with "viral" o
                       pen-source
   13 00000000         ; software in order to form a larger program.
   14 00000000         ; 
   15 00000000         ; THIS SOFTWARE IS PROVIDED "AS IS" AND WITH ALL FAULTS.
                       
   16 00000000         ; NO WARRANTIES, WHETHER EXPRESS, IMPLIED OR STATUTORY, 
                       INCLUDING, BUT
   17 00000000         ; NOT LIMITED TO, IMPLIED WARRANTIES OF MERCHANTABILITY 
                       AND FITNESS FOR
   18 00000000         ; A PARTICULAR PURPOSE APPLY TO THIS SOFTWARE. TI SHALL 
                       NOT, UNDER ANY
   19 00000000         ; CIRCUMSTANCES, BE LIABLE FOR SPECIAL, INCIDENTAL, OR C
                       ONSEQUENTIAL
   20 00000000         ; DAMAGES, FOR ANY REASON WHATSOEVER.
   21 00000000         ; 
   22 00000000         ; This is part of revision 2.1.1.71 of the EK-TM4C123GXL
                        Firmware Package.
   23 00000000         ;
   24 00000000         ;*******************************************************
                       ***********************
   25 00000000         
   26 00000000         ;*******************************************************
                       ***********************
   27 00000000         ;
   28 00000000         ; <o> Stack Size (in Bytes) <0x0-0xFFFFFFFF:8>
   29 00000000         ;
   30 00000000         ;*******************************************************
                       ***********************
   31 00000000 00000100 
                       Stack   EQU              0x00000100
   32 00000000         
   33 00000000         ;*******************************************************
                       ***********************
   34 00000000         ;
   35 00000000         ; <o> Heap Size (in Bytes) <0x0-0xFFFFFFFF:8>
   36 00000000         ;
   37 00000000         ;*******************************************************
                       ***********************
   38 00000000 00000000 
                       Heap    EQU              0x00000000
   39 00000000         



ARM Macro Assembler    Page 2 


   40 00000000         ;*******************************************************
                       ***********************
   41 00000000         ;
   42 00000000         ; Allocate space for the stack.
   43 00000000         ;
   44 00000000         ;*******************************************************
                       ***********************
   45 00000000                 AREA             STACK, NOINIT, READWRITE, ALIGN
=3
   46 00000000         StackMem
   47 00000000                 SPACE            Stack
   48 00000100         __initial_sp
   49 00000100         
   50 00000100         ;*******************************************************
                       ***********************
   51 00000100         ;
   52 00000100         ; Allocate space for the heap.
   53 00000100         ;
   54 00000100         ;*******************************************************
                       ***********************
   55 00000100                 AREA             HEAP, NOINIT, READWRITE, ALIGN=
3
   56 00000000         __heap_base
   57 00000000         HeapMem
   58 00000000                 SPACE            Heap
   59 00000000         __heap_limit
   60 00000000         
   61 00000000         ;*******************************************************
                       ***********************
   62 00000000         ;
   63 00000000         ; Indicate that the code in this file preserves 8-byte a
                       lignment of the stack.
   64 00000000         ;
   65 00000000         ;*******************************************************
                       ***********************
   66 00000000                 PRESERVE8
   67 00000000         
   68 00000000         ;*******************************************************
                       ***********************
   69 00000000         ;
   70 00000000         ; Place code into the reset code section.
   71 00000000         ;
   72 00000000         ;*******************************************************
                       ***********************
   73 00000000                 AREA             RESET, CODE, READONLY
   74 00000000                 THUMB
   75 00000000         
   76 00000000         ;*******************************************************
                       ***********************
   77 00000000         ;
   78 00000000         ; External declaration for the interrupt handler used by
                        the application.
   79 00000000         ;
   80 00000000         ;*******************************************************
                       ***********************
   81 00000000                 EXTERN           UARTIntHandler
   82 00000000         
   83 00000000         ;*******************************************************
                       ***********************



ARM Macro Assembler    Page 3 


   84 00000000         ;
   85 00000000         ; The vector table.
   86 00000000         ;
   87 00000000         ;*******************************************************
                       ***********************
   88 00000000                 EXPORT           __Vectors
   89 00000000         __Vectors
   90 00000000 00000100        DCD              StackMem + Stack ; Top of Stack
                                                            
   91 00000004 00000000        DCD              Reset_Handler ; Reset Handler
   92 00000008 00000000        DCD              NmiSR       ; NMI Handler
   93 0000000C 00000000        DCD              FaultISR    ; Hard Fault Handle
                                                            r
   94 00000010 00000000        DCD              IntDefaultHandler ; The MPU fau
                                                            lt handler
   95 00000014 00000000        DCD              IntDefaultHandler ; The bus fau
                                                            lt handler
   96 00000018 00000000        DCD              IntDefaultHandler ; The usage f
                                                            ault handler
   97 0000001C 00000000        DCD              0           ; Reserved
   98 00000020 00000000        DCD              0           ; Reserved
   99 00000024 00000000        DCD              0           ; Reserved
  100 00000028 00000000        DCD              0           ; Reserved
  101 0000002C 00000000        DCD              IntDefaultHandler 
                                                            ; SVCall handler
  102 00000030 00000000        DCD              IntDefaultHandler ; Debug monit
                                                            or handler
  103 00000034 00000000        DCD              0           ; Reserved
  104 00000038 00000000        DCD              IntDefaultHandler ; The PendSV 
                                                            handler
  105 0000003C 00000000        DCD              IntDefaultHandler ; The SysTick
                                                             handler
  106 00000040 00000000        DCD              IntDefaultHandler ; GPIO Port A
                                                            
  107 00000044 00000000        DCD              IntDefaultHandler ; GPIO Port B
                                                            
  108 00000048 00000000        DCD              IntDefaultHandler ; GPIO Port C
                                                            
  109 0000004C 00000000        DCD              IntDefaultHandler ; GPIO Port D
                                                            
  110 00000050 00000000        DCD              IntDefaultHandler ; GPIO Port E
                                                            
  111 00000054 00000000        DCD              UARTIntHandler 
                                                            ; UART0 Rx and Tx
  112 00000058 00000000        DCD              IntDefaultHandler 
                                                            ; UART1 Rx and Tx
  113 0000005C 00000000        DCD              IntDefaultHandler 
                                                            ; SSI0 Rx and Tx
  114 00000060 00000000        DCD              IntDefaultHandler ; I2C0 Master
                                                             and Slave
  115 00000064 00000000        DCD              IntDefaultHandler ; PWM Fault
  116 00000068 00000000        DCD              IntDefaultHandler 
                                                            ; PWM Generator 0
  117 0000006C 00000000        DCD              IntDefaultHandler 
                                                            ; PWM Generator 1
  118 00000070 00000000        DCD              IntDefaultHandler 
                                                            ; PWM Generator 2
  119 00000074 00000000        DCD              IntDefaultHandler ; Quadrature 
                                                            Encoder 0



ARM Macro Assembler    Page 4 


  120 00000078 00000000        DCD              IntDefaultHandler 
                                                            ; ADC Sequence 0
  121 0000007C 00000000        DCD              IntDefaultHandler 
                                                            ; ADC Sequence 1
  122 00000080 00000000        DCD              IntDefaultHandler 
                                                            ; ADC Sequence 2
  123 00000084 00000000        DCD              IntDefaultHandler 
                                                            ; ADC Sequence 3
  124 00000088 00000000        DCD              IntDefaultHandler 
                                                            ; Watchdog timer
  125 0000008C 00000000        DCD              IntDefaultHandler ; Timer 0 sub
                                                            timer A
  126 00000090 00000000        DCD              IntDefaultHandler ; Timer 0 sub
                                                            timer B
  127 00000094 00000000        DCD              IntDefaultHandler ; Timer 1 sub
                                                            timer A
  128 00000098 00000000        DCD              IntDefaultHandler ; Timer 1 sub
                                                            timer B
  129 0000009C 00000000        DCD              IntDefaultHandler ; Timer 2 sub
                                                            timer A
  130 000000A0 00000000        DCD              IntDefaultHandler ; Timer 2 sub
                                                            timer B
  131 000000A4 00000000        DCD              IntDefaultHandler ; Analog Comp
                                                            arator 0
  132 000000A8 00000000        DCD              IntDefaultHandler ; Analog Comp
                                                            arator 1
  133 000000AC 00000000        DCD              IntDefaultHandler ; Analog Comp
                                                            arator 2
  134 000000B0 00000000        DCD              IntDefaultHandler ; System Cont
                                                            rol (PLL, OSC, BO)
  135 000000B4 00000000        DCD              IntDefaultHandler 
                                                            ; FLASH Control
  136 000000B8 00000000        DCD              IntDefaultHandler ; GPIO Port F
                                                            
  137 000000BC 00000000        DCD              IntDefaultHandler ; GPIO Port G
                                                            
  138 000000C0 00000000        DCD              IntDefaultHandler ; GPIO Port H
                                                            
  139 000000C4 00000000        DCD              IntDefaultHandler 
                                                            ; UART2 Rx and Tx
  140 000000C8 00000000        DCD              IntDefaultHandler 
                                                            ; SSI1 Rx and Tx
  141 000000CC 00000000        DCD              IntDefaultHandler ; Timer 3 sub
                                                            timer A
  142 000000D0 00000000        DCD              IntDefaultHandler ; Timer 3 sub
                                                            timer B
  143 000000D4 00000000        DCD              IntDefaultHandler ; I2C1 Master
                                                             and Slave
  144 000000D8 00000000        DCD              IntDefaultHandler ; Quadrature 
                                                            Encoder 1
  145 000000DC 00000000        DCD              IntDefaultHandler ; CAN0
  146 000000E0 00000000        DCD              IntDefaultHandler ; CAN1
  147 000000E4 00000000        DCD              0           ; Reserved
  148 000000E8 00000000        DCD              0           ; Reserved
  149 000000EC 00000000        DCD              IntDefaultHandler ; Hibernate
  150 000000F0 00000000        DCD              IntDefaultHandler ; USB0
  151 000000F4 00000000        DCD              IntDefaultHandler 
                                                            ; PWM Generator 3
  152 000000F8 00000000        DCD              IntDefaultHandler ; uDMA Softwa



ARM Macro Assembler    Page 5 


                                                            re Transfer
  153 000000FC 00000000        DCD              IntDefaultHandler ; uDMA Error
  154 00000100 00000000        DCD              IntDefaultHandler 
                                                            ; ADC1 Sequence 0
  155 00000104 00000000        DCD              IntDefaultHandler 
                                                            ; ADC1 Sequence 1
  156 00000108 00000000        DCD              IntDefaultHandler 
                                                            ; ADC1 Sequence 2
  157 0000010C 00000000        DCD              IntDefaultHandler 
                                                            ; ADC1 Sequence 3
  158 00000110 00000000        DCD              0           ; Reserved
  159 00000114 00000000        DCD              0           ; Reserved
  160 00000118 00000000        DCD              IntDefaultHandler ; GPIO Port J
                                                            
  161 0000011C 00000000        DCD              IntDefaultHandler ; GPIO Port K
                                                            
  162 00000120 00000000        DCD              IntDefaultHandler ; GPIO Port L
                                                            
  163 00000124 00000000        DCD              IntDefaultHandler 
                                                            ; SSI2 Rx and Tx
  164 00000128 00000000        DCD              IntDefaultHandler 
                                                            ; SSI3 Rx and Tx
  165 0000012C 00000000        DCD              IntDefaultHandler 
                                                            ; UART3 Rx and Tx
  166 00000130 00000000        DCD              IntDefaultHandler 
                                                            ; UART4 Rx and Tx
  167 00000134 00000000        DCD              IntDefaultHandler 
                                                            ; UART5 Rx and Tx
  168 00000138 00000000        DCD              IntDefaultHandler 
                                                            ; UART6 Rx and Tx
  169 0000013C 00000000        DCD              IntDefaultHandler 
                                                            ; UART7 Rx and Tx
  170 00000140 00000000        DCD              0           ; Reserved
  171 00000144 00000000        DCD              0           ; Reserved
  172 00000148 00000000        DCD              0           ; Reserved
  173 0000014C 00000000        DCD              0           ; Reserved
  174 00000150 00000000        DCD              IntDefaultHandler ; I2C2 Master
                                                             and Slave
  175 00000154 00000000        DCD              IntDefaultHandler ; I2C3 Master
                                                             and Slave
  176 00000158 00000000        DCD              IntDefaultHandler ; Timer 4 sub
                                                            timer A
  177 0000015C 00000000        DCD              IntDefaultHandler ; Timer 4 sub
                                                            timer B
  178 00000160 00000000        DCD              0           ; Reserved
  179 00000164 00000000        DCD              0           ; Reserved
  180 00000168 00000000        DCD              0           ; Reserved
  181 0000016C 00000000        DCD              0           ; Reserved
  182 00000170 00000000        DCD              0           ; Reserved
  183 00000174 00000000        DCD              0           ; Reserved
  184 00000178 00000000        DCD              0           ; Reserved
  185 0000017C 00000000        DCD              0           ; Reserved
  186 00000180 00000000        DCD              0           ; Reserved
  187 00000184 00000000        DCD              0           ; Reserved
  188 00000188 00000000        DCD              0           ; Reserved
  189 0000018C 00000000        DCD              0           ; Reserved
  190 00000190 00000000        DCD              0           ; Reserved
  191 00000194 00000000        DCD              0           ; Reserved
  192 00000198 00000000        DCD              0           ; Reserved



ARM Macro Assembler    Page 6 


  193 0000019C 00000000        DCD              0           ; Reserved
  194 000001A0 00000000        DCD              0           ; Reserved
  195 000001A4 00000000        DCD              0           ; Reserved
  196 000001A8 00000000        DCD              0           ; Reserved
  197 000001AC 00000000        DCD              0           ; Reserved
  198 000001B0 00000000        DCD              IntDefaultHandler ; Timer 5 sub
                                                            timer A
  199 000001B4 00000000        DCD              IntDefaultHandler ; Timer 5 sub
                                                            timer B
  200 000001B8 00000000        DCD              IntDefaultHandler ; Wide Timer 
                                                            0 subtimer A
  201 000001BC 00000000        DCD              IntDefaultHandler ; Wide Timer 
                                                            0 subtimer B
  202 000001C0 00000000        DCD              IntDefaultHandler ; Wide Timer 
                                                            1 subtimer A
  203 000001C4 00000000        DCD              IntDefaultHandler ; Wide Timer 
                                                            1 subtimer B
  204 000001C8 00000000        DCD              IntDefaultHandler ; Wide Timer 
                                                            2 subtimer A
  205 000001CC 00000000        DCD              IntDefaultHandler ; Wide Timer 
                                                            2 subtimer B
  206 000001D0 00000000        DCD              IntDefaultHandler ; Wide Timer 
                                                            3 subtimer A
  207 000001D4 00000000        DCD              IntDefaultHandler ; Wide Timer 
                                                            3 subtimer B
  208 000001D8 00000000        DCD              IntDefaultHandler ; Wide Timer 
                                                            4 subtimer A
  209 000001DC 00000000        DCD              IntDefaultHandler ; Wide Timer 
                                                            4 subtimer B
  210 000001E0 00000000        DCD              IntDefaultHandler ; Wide Timer 
                                                            5 subtimer A
  211 000001E4 00000000        DCD              IntDefaultHandler ; Wide Timer 
                                                            5 subtimer B
  212 000001E8 00000000        DCD              IntDefaultHandler ; FPU
  213 000001EC 00000000        DCD              0           ; Reserved
  214 000001F0 00000000        DCD              0           ; Reserved
  215 000001F4 00000000        DCD              IntDefaultHandler ; I2C4 Master
                                                             and Slave
  216 000001F8 00000000        DCD              IntDefaultHandler ; I2C5 Master
                                                             and Slave
  217 000001FC 00000000        DCD              IntDefaultHandler ; GPIO Port M
                                                            
  218 00000200 00000000        DCD              IntDefaultHandler ; GPIO Port N
                                                            
  219 00000204 00000000        DCD              IntDefaultHandler ; Quadrature 
                                                            Encoder 2
  220 00000208 00000000        DCD              0           ; Reserved
  221 0000020C 00000000        DCD              0           ; Reserved
  222 00000210 00000000        DCD              IntDefaultHandler ; GPIO Port P
                                                             (Summary or P0)
  223 00000214 00000000        DCD              IntDefaultHandler 
                                                            ; GPIO Port P1
  224 00000218 00000000        DCD              IntDefaultHandler 
                                                            ; GPIO Port P2
  225 0000021C 00000000        DCD              IntDefaultHandler 
                                                            ; GPIO Port P3
  226 00000220 00000000        DCD              IntDefaultHandler 
                                                            ; GPIO Port P4
  227 00000224 00000000        DCD              IntDefaultHandler 



ARM Macro Assembler    Page 7 


                                                            ; GPIO Port P5
  228 00000228 00000000        DCD              IntDefaultHandler 
                                                            ; GPIO Port P6
  229 0000022C 00000000        DCD              IntDefaultHandler 
                                                            ; GPIO Port P7
  230 00000230 00000000        DCD              IntDefaultHandler ; GPIO Port Q
                                                             (Summary or Q0)
  231 00000234 00000000        DCD              IntDefaultHandler 
                                                            ; GPIO Port Q1
  232 00000238 00000000        DCD              IntDefaultHandler 
                                                            ; GPIO Port Q2
  233 0000023C 00000000        DCD              IntDefaultHandler 
                                                            ; GPIO Port Q3
  234 00000240 00000000        DCD              IntDefaultHandler 
                                                            ; GPIO Port Q4
  235 00000244 00000000        DCD              IntDefaultHandler 
                                                            ; GPIO Port Q5
  236 00000248 00000000        DCD              IntDefaultHandler 
                                                            ; GPIO Port Q6
  237 0000024C 00000000        DCD              IntDefaultHandler 
                                                            ; GPIO Port Q7
  238 00000250 00000000        DCD              IntDefaultHandler ; GPIO Port R
                                                            
  239 00000254 00000000        DCD              IntDefaultHandler ; GPIO Port S
                                                            
  240 00000258 00000000        DCD              IntDefaultHandler 
                                                            ; PWM 1 Generator 0
                                                            
  241 0000025C 00000000        DCD              IntDefaultHandler 
                                                            ; PWM 1 Generator 1
                                                            
  242 00000260 00000000        DCD              IntDefaultHandler 
                                                            ; PWM 1 Generator 2
                                                            
  243 00000264 00000000        DCD              IntDefaultHandler 
                                                            ; PWM 1 Generator 3
                                                            
  244 00000268 00000000        DCD              IntDefaultHandler ; PWM 1 Fault
                                                            
  245 0000026C         
  246 0000026C         ;*******************************************************
                       ***********************
  247 0000026C         ;
  248 0000026C         ; This is the code that gets called when the processor f
                       irst starts execution
  249 0000026C         ; following a reset event.
  250 0000026C         ;
  251 0000026C         ;*******************************************************
                       ***********************
  252 0000026C                 EXPORT           Reset_Handler
  253 0000026C         Reset_Handler
  254 0000026C         ;
  255 0000026C         ; Enable the floating-point unit.  This must be done her
                       e to handle the
  256 0000026C         ; case where main() uses floating-point and the function
                        prologue saves
  257 0000026C         ; floating-point registers (which will fault if floating
                       -point is not
  258 0000026C         ; enabled).  Any configuration of the floating-point uni



ARM Macro Assembler    Page 8 


                       t using
  259 0000026C         ; DriverLib APIs must be done here prior to the floating
                       -point unit
  260 0000026C         ; being enabled.
  261 0000026C         ;
  262 0000026C         ; Note that this does not use DriverLib since it might n
                       ot be included
  263 0000026C         ; in this project.
  264 0000026C         ;
  265 0000026C F64E 5088       MOVW             R0, #0xED88
  266 00000270 F2CE 0000       MOVT             R0, #0xE000
  267 00000274 6801            LDR              R1, [R0]
  268 00000276 F441 0170       ORR              R1, #0x00F00000
  269 0000027A 6001            STR              R1, [R0]
  270 0000027C         
  271 0000027C         ;
  272 0000027C         ; Call the C library enty point that handles startup.  T
                       his will copy
  273 0000027C         ; the .data section initializers from flash to SRAM and 
                       zero fill the
  274 0000027C         ; .bss section.
  275 0000027C         ;
  276 0000027C                 IMPORT           __main
  277 0000027C F7FF BFFE       B                __main
  278 00000280         
  279 00000280         ;*******************************************************
                       ***********************
  280 00000280         ;
  281 00000280         ; This is the code that gets called when the processor r
                       eceives a NMI.  This
  282 00000280         ; simply enters an infinite loop, preserving the system 
                       state for examination
  283 00000280         ; by a debugger.
  284 00000280         ;
  285 00000280         ;*******************************************************
                       ***********************
  286 00000280         NmiSR
  287 00000280 E7FE            B                NmiSR
  288 00000282         
  289 00000282         ;*******************************************************
                       ***********************
  290 00000282         ;
  291 00000282         ; This is the code that gets called when the processor r
                       eceives a fault
  292 00000282         ; interrupt.  This simply enters an infinite loop, prese
                       rving the system state
  293 00000282         ; for examination by a debugger.
  294 00000282         ;
  295 00000282         ;*******************************************************
                       ***********************
  296 00000282         FaultISR
  297 00000282 E7FE            B                FaultISR
  298 00000284         
  299 00000284         ;*******************************************************
                       ***********************
  300 00000284         ;
  301 00000284         ; This is the code that gets called when the processor r
                       eceives an unexpected
  302 00000284         ; interrupt.  This simply enters an infinite loop, prese



ARM Macro Assembler    Page 9 


                       rving the system state
  303 00000284         ; for examination by a debugger.
  304 00000284         ;
  305 00000284         ;*******************************************************
                       ***********************
  306 00000284         IntDefaultHandler
  307 00000284 E7FE            B                IntDefaultHandler
  308 00000286         
  309 00000286         ;*******************************************************
                       ***********************
  310 00000286         ;
  311 00000286         ; Make sure the end of this section is aligned.
  312 00000286         ;
  313 00000286         ;*******************************************************
                       ***********************
  314 00000286 00 00           ALIGN
  315 00000288         
  316 00000288         ;*******************************************************
                       ***********************
  317 00000288         ;
  318 00000288         ; Some code in the normal code section for initializing 
                       the heap and stack.
  319 00000288         ;
  320 00000288         ;*******************************************************
                       ***********************
  321 00000288                 AREA             |.text|, CODE, READONLY
  322 00000000         
  323 00000000         ;*******************************************************
                       ***********************
  324 00000000         ;
  325 00000000         ; The function expected of the C library startup code fo
                       r defining the stack
  326 00000000         ; and heap memory locations.  For the C library version 
                       of the startup code,
  327 00000000         ; provide this function so that the C library initializa
                       tion code can find out
  328 00000000         ; the location of the stack and heap.
  329 00000000         ;
  330 00000000         ;*******************************************************
                       ***********************
  331 00000000                 IF               :DEF: __MICROLIB
  336 00000000                 IMPORT           __use_two_region_memory
  337 00000000                 EXPORT           __user_initial_stackheap
  338 00000000         __user_initial_stackheap
  339 00000000 4802            LDR              R0, =HeapMem
  340 00000002 4903            LDR              R1, =(StackMem + Stack)
  341 00000004 4A01            LDR              R2, =(HeapMem + Heap)
  342 00000006 4B03            LDR              R3, =StackMem
  343 00000008 4770            BX               LR
  344 0000000A                 ENDIF
  345 0000000A         
  346 0000000A         ;*******************************************************
                       ***********************
  347 0000000A         ;
  348 0000000A         ; Make sure the end of this section is aligned.
  349 0000000A         ;
  350 0000000A         ;*******************************************************
                       ***********************
  351 0000000A 00 00           ALIGN



ARM Macro Assembler    Page 10 


  352 0000000C         
  353 0000000C         ;*******************************************************
                       ***********************
  354 0000000C         ;
  355 0000000C         ; Tell the assembler that we're done.
  356 0000000C         ;
  357 0000000C         ;*******************************************************
                       ***********************
  358 0000000C                 END
              00000000 
              00000100 
              00000000 
Command Line: --debug --xref --cpu=Cortex-M4.fp --apcs=interwork --depend=.\obj
ects\startup_rvmdk.d -o.\objects\startup_rvmdk.o -I"C:\Users\Bre\Desktop\senior
 design project files and reciepts\Microcontroller Files\RTE" -IC:\Keil_v5\ARM\
PACK\ARM\CMSIS\4.5.0\CMSIS\Include -IC:\Keil_v5\ARM\PACK\Keil\TM4C_DFP\1.0.0\De
vice\Include\TM4C123 --predefine="__EVAL SETA 1" --predefine="_RTE_ SETA 1" --p
redefine="TM4C123GH6PM SETA 1" --list=.\listings\startup_rvmdk.lst startup_rvmd
k.S



ARM Macro Assembler    Page 1 Alphabetic symbol ordering
Relocatable symbols

STACK 00000000

Symbol: STACK
   Definitions
      At line 45 in file startup_rvmdk.S
   Uses
      None
Comment: STACK unused
StackMem 00000000

Symbol: StackMem
   Definitions
      At line 46 in file startup_rvmdk.S
   Uses
      At line 90 in file startup_rvmdk.S
      At line 340 in file startup_rvmdk.S
      At line 342 in file startup_rvmdk.S

__initial_sp 00000100

Symbol: __initial_sp
   Definitions
      At line 48 in file startup_rvmdk.S
   Uses
      None
Comment: __initial_sp unused
3 symbols



ARM Macro Assembler    Page 1 Alphabetic symbol ordering
Relocatable symbols

HEAP 00000000

Symbol: HEAP
   Definitions
      At line 55 in file startup_rvmdk.S
   Uses
      None
Comment: HEAP unused
HeapMem 00000000

Symbol: HeapMem
   Definitions
      At line 57 in file startup_rvmdk.S
   Uses
      At line 339 in file startup_rvmdk.S
      At line 341 in file startup_rvmdk.S

__heap_base 00000000

Symbol: __heap_base
   Definitions
      At line 56 in file startup_rvmdk.S
   Uses
      None
Comment: __heap_base unused
__heap_limit 00000000

Symbol: __heap_limit
   Definitions
      At line 59 in file startup_rvmdk.S
   Uses
      None
Comment: __heap_limit unused
4 symbols



ARM Macro Assembler    Page 1 Alphabetic symbol ordering
Relocatable symbols

FaultISR 00000282

Symbol: FaultISR
   Definitions
      At line 296 in file startup_rvmdk.S
   Uses
      At line 93 in file startup_rvmdk.S
      At line 297 in file startup_rvmdk.S

IntDefaultHandler 00000284

Symbol: IntDefaultHandler
   Definitions
      At line 306 in file startup_rvmdk.S
   Uses
      At line 94 in file startup_rvmdk.S
      At line 95 in file startup_rvmdk.S
      At line 96 in file startup_rvmdk.S
      At line 101 in file startup_rvmdk.S
      At line 102 in file startup_rvmdk.S
      At line 104 in file startup_rvmdk.S
      At line 105 in file startup_rvmdk.S
      At line 106 in file startup_rvmdk.S
      At line 107 in file startup_rvmdk.S
      At line 108 in file startup_rvmdk.S
      At line 109 in file startup_rvmdk.S
      At line 110 in file startup_rvmdk.S
      At line 112 in file startup_rvmdk.S
      At line 113 in file startup_rvmdk.S
      At line 114 in file startup_rvmdk.S
      At line 115 in file startup_rvmdk.S
      At line 116 in file startup_rvmdk.S
      At line 117 in file startup_rvmdk.S
      At line 118 in file startup_rvmdk.S
      At line 119 in file startup_rvmdk.S
      At line 120 in file startup_rvmdk.S
      At line 121 in file startup_rvmdk.S
      At line 122 in file startup_rvmdk.S
      At line 123 in file startup_rvmdk.S
      At line 124 in file startup_rvmdk.S
      At line 125 in file startup_rvmdk.S
      At line 126 in file startup_rvmdk.S
      At line 127 in file startup_rvmdk.S
      At line 128 in file startup_rvmdk.S
      At line 129 in file startup_rvmdk.S
      At line 130 in file startup_rvmdk.S
      At line 131 in file startup_rvmdk.S
      At line 132 in file startup_rvmdk.S
      At line 133 in file startup_rvmdk.S
      At line 134 in file startup_rvmdk.S
      At line 135 in file startup_rvmdk.S
      At line 136 in file startup_rvmdk.S
      At line 137 in file startup_rvmdk.S
      At line 138 in file startup_rvmdk.S
      At line 139 in file startup_rvmdk.S
      At line 140 in file startup_rvmdk.S
      At line 141 in file startup_rvmdk.S
      At line 142 in file startup_rvmdk.S
      At line 143 in file startup_rvmdk.S



ARM Macro Assembler    Page 2 Alphabetic symbol ordering
Relocatable symbols

      At line 144 in file startup_rvmdk.S
      At line 145 in file startup_rvmdk.S
      At line 146 in file startup_rvmdk.S
      At line 149 in file startup_rvmdk.S
      At line 150 in file startup_rvmdk.S
      At line 151 in file startup_rvmdk.S
      At line 152 in file startup_rvmdk.S
      At line 153 in file startup_rvmdk.S
      At line 154 in file startup_rvmdk.S
      At line 155 in file startup_rvmdk.S
      At line 156 in file startup_rvmdk.S
      At line 157 in file startup_rvmdk.S
      At line 160 in file startup_rvmdk.S
      At line 161 in file startup_rvmdk.S
      At line 162 in file startup_rvmdk.S
      At line 163 in file startup_rvmdk.S
      At line 164 in file startup_rvmdk.S
      At line 165 in file startup_rvmdk.S
      At line 166 in file startup_rvmdk.S
      At line 167 in file startup_rvmdk.S
      At line 168 in file startup_rvmdk.S
      At line 169 in file startup_rvmdk.S
      At line 174 in file startup_rvmdk.S
      At line 175 in file startup_rvmdk.S
      At line 176 in file startup_rvmdk.S
      At line 177 in file startup_rvmdk.S
      At line 198 in file startup_rvmdk.S
      At line 199 in file startup_rvmdk.S
      At line 200 in file startup_rvmdk.S
      At line 201 in file startup_rvmdk.S
      At line 202 in file startup_rvmdk.S
      At line 203 in file startup_rvmdk.S
      At line 204 in file startup_rvmdk.S
      At line 205 in file startup_rvmdk.S
      At line 206 in file startup_rvmdk.S
      At line 207 in file startup_rvmdk.S
      At line 208 in file startup_rvmdk.S
      At line 209 in file startup_rvmdk.S
      At line 210 in file startup_rvmdk.S
      At line 211 in file startup_rvmdk.S
      At line 212 in file startup_rvmdk.S
      At line 215 in file startup_rvmdk.S
      At line 216 in file startup_rvmdk.S
      At line 217 in file startup_rvmdk.S
      At line 218 in file startup_rvmdk.S
      At line 219 in file startup_rvmdk.S
      At line 222 in file startup_rvmdk.S
      At line 223 in file startup_rvmdk.S
      At line 224 in file startup_rvmdk.S
      At line 225 in file startup_rvmdk.S
      At line 226 in file startup_rvmdk.S
      At line 227 in file startup_rvmdk.S
      At line 228 in file startup_rvmdk.S
      At line 229 in file startup_rvmdk.S
      At line 230 in file startup_rvmdk.S
      At line 231 in file startup_rvmdk.S
      At line 232 in file startup_rvmdk.S
      At line 233 in file startup_rvmdk.S
      At line 234 in file startup_rvmdk.S



ARM Macro Assembler    Page 3 Alphabetic symbol ordering
Relocatable symbols

      At line 235 in file startup_rvmdk.S
      At line 236 in file startup_rvmdk.S
      At line 237 in file startup_rvmdk.S
      At line 238 in file startup_rvmdk.S
      At line 239 in file startup_rvmdk.S
      At line 240 in file startup_rvmdk.S
      At line 241 in file startup_rvmdk.S
      At line 242 in file startup_rvmdk.S
      At line 243 in file startup_rvmdk.S
      At line 244 in file startup_rvmdk.S
      At line 307 in file startup_rvmdk.S

NmiSR 00000280

Symbol: NmiSR
   Definitions
      At line 286 in file startup_rvmdk.S
   Uses
      At line 92 in file startup_rvmdk.S
      At line 287 in file startup_rvmdk.S

RESET 00000000

Symbol: RESET
   Definitions
      At line 73 in file startup_rvmdk.S
   Uses
      None
Comment: RESET unused
Reset_Handler 0000026C

Symbol: Reset_Handler
   Definitions
      At line 253 in file startup_rvmdk.S
   Uses
      At line 91 in file startup_rvmdk.S
      At line 252 in file startup_rvmdk.S

__Vectors 00000000

Symbol: __Vectors
   Definitions
      At line 89 in file startup_rvmdk.S
   Uses
      At line 88 in file startup_rvmdk.S
Comment: __Vectors used once
6 symbols



ARM Macro Assembler    Page 1 Alphabetic symbol ordering
Relocatable symbols

.text 00000000

Symbol: .text
   Definitions
      At line 321 in file startup_rvmdk.S
   Uses
      None
Comment: .text unused
__user_initial_stackheap 00000000

Symbol: __user_initial_stackheap
   Definitions
      At line 338 in file startup_rvmdk.S
   Uses
      At line 337 in file startup_rvmdk.S
Comment: __user_initial_stackheap used once
2 symbols



ARM Macro Assembler    Page 1 Alphabetic symbol ordering
Absolute symbols

Heap 00000000

Symbol: Heap
   Definitions
      At line 38 in file startup_rvmdk.S
   Uses
      At line 58 in file startup_rvmdk.S
      At line 341 in file startup_rvmdk.S

Stack 00000100

Symbol: Stack
   Definitions
      At line 31 in file startup_rvmdk.S
   Uses
      At line 47 in file startup_rvmdk.S
      At line 90 in file startup_rvmdk.S
      At line 340 in file startup_rvmdk.S

2 symbols



ARM Macro Assembler    Page 1 Alphabetic symbol ordering
External symbols

UARTIntHandler 00000000

Symbol: UARTIntHandler
   Definitions
      At line 81 in file startup_rvmdk.S
   Uses
      At line 111 in file startup_rvmdk.S
Comment: UARTIntHandler used once
__main 00000000

Symbol: __main
   Definitions
      At line 276 in file startup_rvmdk.S
   Uses
      At line 277 in file startup_rvmdk.S
Comment: __main used once
__use_two_region_memory 00000000

Symbol: __use_two_region_memory
   Definitions
      At line 336 in file startup_rvmdk.S
   Uses
      None
Comment: __use_two_region_memory unused
3 symbols
358 symbols in table
